Arguments: 
<<<<<<< HEAD
  /usr/local/Cellar/node/8.9.1/bin/node /usr/local/bin/yarn dev

PATH: 
  /Users/bijansemnani/anaconda/bin:/usr/local/bin:/usr/bin:/bin:/usr/sbin:/sbin:/usr/local/go/bin:/Users/bijansemnani/anaconda/bin
=======
  /usr/local/Cellar/node/9.4.0/bin/node /usr/local/bin/yarn build

PATH: 
  /usr/local/bin:/usr/bin:/bin:/usr/sbin:/sbin
>>>>>>> googleMaps1

Yarn version: 
  1.5.1

Node version: 
<<<<<<< HEAD
  8.9.1
=======
  9.4.0
>>>>>>> googleMaps1

Platform: 
  darwin x64

npm manifest: 
  {
    "name": "mern-server",
    "version": "1.0.0",
    "description": "Mern Demo",
    "main": "server.js",
    "scripts": {
      "start": "node server.js",
      "client": "cd client && npm run start",
      "dev": "concurrently \"nodemon server.js\" \"npm run client\"",
      "setup": "npm install && cd client && npm install",
      "heroku-postbuild": "cd client && npm install && npm run build"
    },
    "author": "",
    "license": "ISC",
    "devDependencies": {
      "concurrently": "^3.5.0",
      "nodemon": "^1.11.0"
    },
    "dependencies": {
<<<<<<< HEAD
  <<<<<<< HEAD
      "express": "^4.15.4",
      "react-materialize": "^2.2.0"
  =======
      "axios": "^0.18.0",
      "body-parser": "^1.18.2",
      "cookie-parser": "^1.4.3",
      "express": "^4.15.4",
      "express-fileupload": "^0.4.0",
      "mysql": "^2.15.0",
      "mysql2": "^1.5.3",
      "sequelize": "^4.37.6"
  >>>>>>> backend
=======
      "express": "^4.16.3",
      "google-maps-react": "^2.0.0",
      "react-materialize": "^2.2.0"
>>>>>>> googleMaps1
    }
  }

yarn manifest: 
  No manifest

Lockfile: 
  No lockfile

Trace: 
<<<<<<< HEAD
  SyntaxError: /Users/bijansemnani/Documents/CurrentClass/UCLA Bootcamp/Project-3/Project-3/package.json: Unexpected token < in JSON at position 528
      at JSON.parse (<anonymous>)
      at /usr/local/lib/node_modules/yarn/lib/cli.js:1036:59
      at Generator.next (<anonymous>)
      at step (/usr/local/lib/node_modules/yarn/lib/cli.js:98:30)
      at /usr/local/lib/node_modules/yarn/lib/cli.js:109:13
      at <anonymous>
=======
  Error: Command "build" not found.
      at new MessageError (/usr/local/lib/node_modules/yarn/lib/cli.js:186:110)
      at /usr/local/lib/node_modules/yarn/lib/cli.js:87307:17
      at Generator.next (<anonymous>)
      at step (/usr/local/lib/node_modules/yarn/lib/cli.js:98:30)
      at /usr/local/lib/node_modules/yarn/lib/cli.js:116:14
      at new Promise (<anonymous>)
      at new F (/usr/local/lib/node_modules/yarn/lib/cli.js:23451:28)
      at /usr/local/lib/node_modules/yarn/lib/cli.js:95:12
      at runCommand (/usr/local/lib/node_modules/yarn/lib/cli.js:87312:22)
      at Object.<anonymous> (/usr/local/lib/node_modules/yarn/lib/cli.js:87412:14)
>>>>>>> googleMaps1
